<?xml version="1.0" encoding="UTF-8"?>
<testsuite name="Verify login session for colorlib page" tests="1" skipped="0" failures="0" errors="0" timestamp="2022-10-24T14:06:02" hostname="CHBOGPF36A3NH" time="39.863">
  <properties/>
  <testcase name="Verify correct entry" classname="Verify login session for colorlib page" time="39.863"/>
  <system-out><![CDATA[Campo NO ingresado o con error: ValidationForms.requiredError
Campo ingresado correctamente: ValidationForms.mailError
Campo ingresado correctamente: ValidationForms.passError
Campo ingresado correctamente: ValidationForms.ConfPassError
Campo ingresado correctamente: ValidationForms.dateError
Campo ingresado correctamente: ValidationForms.urlError
Campo ingresado correctamente: ValidationForms.DigitsError
Campo ingresado correctamente: ValidationForms.rangeError
Campo ingresado correctamente: ValidationForms.policyError
]]></system-out>
  <system-err><![CDATA[oct 24, 2022 9:06:02 AM org.openqa.selenium.remote.DesiredCapabilities chrome
INFORMACIÓN: Using `new ChromeOptions()` is preferred to `DesiredCapabilities.chrome()`
Starting ChromeDriver 106.0.5249.61 (511755355844955cd3e264779baf0dd38212a4d0-refs/branch-heads/5249@{#569}) on port 16564
Only local connections are allowed.
Please see https://chromedriver.chromium.org/security-considerations for suggestions on keeping ChromeDriver safe.
ChromeDriver was started successfully.
oct 24, 2022 9:06:05 AM org.openqa.selenium.remote.ProtocolHandshake createSession
INFORMACIÓN: Detected dialect: W3C
[Test worker] INFO net.serenitybdd.core.Serenity - 
        __    _____ _____ ____ _____   ____   _    ____  ____  _____ ____  
  _     \ \  |_   _| ____/ ___|_   _| |  _ \ / \  / ___|/ ___|| ____|  _ \ 
 (_)_____| |   | | |  _| \___ \ | |   | |_) / _ \ \___ \\___ \|  _| | | | |
  _|_____| |   | | | |___ ___) || |   |  __/ ___ \ ___) |___) | |___| |_| |
 (_)     | |   |_| |_____|____/ |_|   |_| /_/   \_\____/|____/|_____|____/ 
        /_/                                                                

TEST PASSED: Verify correct entry
----------------------------------------------------------------------------
]]></system-err>
</testsuite>
